[0.375s] DEBUG:colcon:Command line arguments: ['/usr/bin/colcon', 'build']
[0.375s] DEBUG:colcon:Parsed command line arguments: Namespace(ament_cmake_args=None, ament_gradle_args=None, ament_gradle_task=None, base_paths=['.'], build_base='build', catkin_cmake_args=None, catkin_skip_building_tests=False, cmake_args=None, cmake_clean_cache=False, cmake_clean_first=False, cmake_force_configure=False, cmake_target=None, cmake_target_skip_unavailable=False, continue_on_error=False, event_handlers=None, executor='parallel', gradle_args=None, gradle_task=None, ignore_user_meta=False, install_base='install', log_base=None, log_level=None, main=<bound method BuildVerb.main of <colcon_core.verb.build.BuildVerb object at 0x7f0e17b05040>>, merge_install=False, metas=['./colcon.meta'], packages_above=None, packages_above_and_dependencies=None, packages_above_depth=None, packages_end=None, packages_ignore=None, packages_ignore_regex=None, packages_select=None, packages_select_build_failed=False, packages_select_by_dep=None, packages_select_regex=None, packages_select_test_failures=False, packages_skip=None, packages_skip_build_finished=False, packages_skip_by_dep=None, packages_skip_regex=None, packages_skip_test_passed=False, packages_skip_up_to=None, packages_start=None, packages_up_to=None, packages_up_to_regex=None, parallel_workers=8, paths=None, symlink_install=False, test_result_base=None, verb_extension=<colcon_core.verb.build.BuildVerb object at 0x7f0e17b05040>, verb_name='build', verb_parser=<colcon_defaults.argument_parser.defaults.DefaultArgumentsDecorator object at 0x7f0e17b055b0>)
[0.382s] Level 1:colcon.colcon_core.package_discovery:discover_packages(colcon_meta) check parameters
[0.382s] Level 1:colcon.colcon_core.package_discovery:discover_packages(recursive) check parameters
[0.382s] Level 1:colcon.colcon_core.package_discovery:discover_packages(ignore) check parameters
[0.382s] Level 1:colcon.colcon_core.package_discovery:discover_packages(path) check parameters
[0.382s] Level 1:colcon.colcon_core.package_discovery:discover_packages(colcon_meta) discover
[0.382s] Level 1:colcon.colcon_core.package_discovery:discover_packages(recursive) discover
[0.382s] INFO:colcon.colcon_core.package_discovery:Crawling recursively for packages in '/home/heav101-pc1/ros2-wearable-biosensors-ws'
[0.382s] Level 1:colcon.colcon_core.package_identification:_identify(.) by extensions ['ignore', 'ignore_ament_install']
[0.382s] Level 1:colcon.colcon_core.package_identification:_identify(.) by extension 'ignore'
[0.382s] Level 1:colcon.colcon_core.package_identification:_identify(.) by extension 'ignore_ament_install'
[0.382s] Level 1:colcon.colcon_core.package_identification:_identify(.) by extensions ['colcon_pkg']
[0.382s] Level 1:colcon.colcon_core.package_identification:_identify(.) by extension 'colcon_pkg'
[0.382s] Level 1:colcon.colcon_core.package_identification:_identify(.) by extensions ['colcon_meta']
[0.382s] Level 1:colcon.colcon_core.package_identification:_identify(.) by extension 'colcon_meta'
[0.383s] Level 1:colcon.colcon_core.package_identification:_identify(.) by extensions ['ament_gradle']
[0.383s] Level 1:colcon.colcon_core.package_identification:_identify(.) by extension 'ament_gradle'
[0.383s] Level 1:colcon.colcon_core.package_identification:_identify(.) by extensions ['ros']
[0.383s] Level 1:colcon.colcon_core.package_identification:_identify(.) by extension 'ros'
[0.392s] Level 1:colcon.colcon_core.package_identification:_identify(.) by extensions ['cmake', 'gradle', 'python']
[0.392s] Level 1:colcon.colcon_core.package_identification:_identify(.) by extension 'cmake'
[0.392s] Level 1:colcon.colcon_core.package_identification:_identify(.) by extension 'gradle'
[0.392s] Level 1:colcon.colcon_core.package_identification:_identify(.) by extension 'python'
[0.392s] Level 1:colcon.colcon_core.package_identification:_identify(.) by extensions ['python_setup_py']
[0.392s] Level 1:colcon.colcon_core.package_identification:_identify(.) by extension 'python_setup_py'
[0.392s] Level 1:colcon.colcon_core.package_identification:_identify(build) by extensions ['ignore', 'ignore_ament_install']
[0.393s] Level 1:colcon.colcon_core.package_identification:_identify(build) by extension 'ignore'
[0.393s] Level 1:colcon.colcon_core.package_identification:_identify(build) ignored
[0.393s] Level 1:colcon.colcon_core.package_identification:_identify(install) by extensions ['ignore', 'ignore_ament_install']
[0.393s] Level 1:colcon.colcon_core.package_identification:_identify(install) by extension 'ignore'
[0.393s] Level 1:colcon.colcon_core.package_identification:_identify(install) ignored
[0.393s] Level 1:colcon.colcon_core.package_identification:_identify(log) by extensions ['ignore', 'ignore_ament_install']
[0.393s] Level 1:colcon.colcon_core.package_identification:_identify(log) by extension 'ignore'
[0.393s] Level 1:colcon.colcon_core.package_identification:_identify(log) ignored
[0.393s] Level 1:colcon.colcon_core.package_identification:_identify(media) by extensions ['ignore', 'ignore_ament_install']
[0.393s] Level 1:colcon.colcon_core.package_identification:_identify(media) by extension 'ignore'
[0.393s] Level 1:colcon.colcon_core.package_identification:_identify(media) by extension 'ignore_ament_install'
[0.393s] Level 1:colcon.colcon_core.package_identification:_identify(media) by extensions ['colcon_pkg']
[0.393s] Level 1:colcon.colcon_core.package_identification:_identify(media) by extension 'colcon_pkg'
[0.393s] Level 1:colcon.colcon_core.package_identification:_identify(media) by extensions ['colcon_meta']
[0.393s] Level 1:colcon.colcon_core.package_identification:_identify(media) by extension 'colcon_meta'
[0.393s] Level 1:colcon.colcon_core.package_identification:_identify(media) by extensions ['ament_gradle']
[0.393s] Level 1:colcon.colcon_core.package_identification:_identify(media) by extension 'ament_gradle'
[0.393s] Level 1:colcon.colcon_core.package_identification:_identify(media) by extensions ['ros']
[0.393s] Level 1:colcon.colcon_core.package_identification:_identify(media) by extension 'ros'
[0.394s] Level 1:colcon.colcon_core.package_identification:_identify(media) by extensions ['cmake', 'gradle', 'python']
[0.394s] Level 1:colcon.colcon_core.package_identification:_identify(media) by extension 'cmake'
[0.394s] Level 1:colcon.colcon_core.package_identification:_identify(media) by extension 'gradle'
[0.394s] Level 1:colcon.colcon_core.package_identification:_identify(media) by extension 'python'
[0.394s] Level 1:colcon.colcon_core.package_identification:_identify(media) by extensions ['python_setup_py']
[0.394s] Level 1:colcon.colcon_core.package_identification:_identify(media) by extension 'python_setup_py'
[0.394s] Level 1:colcon.colcon_core.package_identification:_identify(media/contributors) by extensions ['ignore', 'ignore_ament_install']
[0.394s] Level 1:colcon.colcon_core.package_identification:_identify(media/contributors) by extension 'ignore'
[0.394s] Level 1:colcon.colcon_core.package_identification:_identify(media/contributors) by extension 'ignore_ament_install'
[0.394s] Level 1:colcon.colcon_core.package_identification:_identify(media/contributors) by extensions ['colcon_pkg']
[0.394s] Level 1:colcon.colcon_core.package_identification:_identify(media/contributors) by extension 'colcon_pkg'
[0.394s] Level 1:colcon.colcon_core.package_identification:_identify(media/contributors) by extensions ['colcon_meta']
[0.394s] Level 1:colcon.colcon_core.package_identification:_identify(media/contributors) by extension 'colcon_meta'
[0.394s] Level 1:colcon.colcon_core.package_identification:_identify(media/contributors) by extensions ['ament_gradle']
[0.394s] Level 1:colcon.colcon_core.package_identification:_identify(media/contributors) by extension 'ament_gradle'
[0.394s] Level 1:colcon.colcon_core.package_identification:_identify(media/contributors) by extensions ['ros']
[0.394s] Level 1:colcon.colcon_core.package_identification:_identify(media/contributors) by extension 'ros'
[0.394s] Level 1:colcon.colcon_core.package_identification:_identify(media/contributors) by extensions ['cmake', 'gradle', 'python']
[0.394s] Level 1:colcon.colcon_core.package_identification:_identify(media/contributors) by extension 'cmake'
[0.394s] Level 1:colcon.colcon_core.package_identification:_identify(media/contributors) by extension 'gradle'
[0.394s] Level 1:colcon.colcon_core.package_identification:_identify(media/contributors) by extension 'python'
[0.394s] Level 1:colcon.colcon_core.package_identification:_identify(media/contributors) by extensions ['python_setup_py']
[0.394s] Level 1:colcon.colcon_core.package_identification:_identify(media/contributors) by extension 'python_setup_py'
[0.395s] Level 1:colcon.colcon_core.package_identification:_identify(media/img) by extensions ['ignore', 'ignore_ament_install']
[0.395s] Level 1:colcon.colcon_core.package_identification:_identify(media/img) by extension 'ignore'
[0.395s] Level 1:colcon.colcon_core.package_identification:_identify(media/img) by extension 'ignore_ament_install'
[0.395s] Level 1:colcon.colcon_core.package_identification:_identify(media/img) by extensions ['colcon_pkg']
[0.395s] Level 1:colcon.colcon_core.package_identification:_identify(media/img) by extension 'colcon_pkg'
[0.395s] Level 1:colcon.colcon_core.package_identification:_identify(media/img) by extensions ['colcon_meta']
[0.395s] Level 1:colcon.colcon_core.package_identification:_identify(media/img) by extension 'colcon_meta'
[0.395s] Level 1:colcon.colcon_core.package_identification:_identify(media/img) by extensions ['ament_gradle']
[0.395s] Level 1:colcon.colcon_core.package_identification:_identify(media/img) by extension 'ament_gradle'
[0.395s] Level 1:colcon.colcon_core.package_identification:_identify(media/img) by extensions ['ros']
[0.395s] Level 1:colcon.colcon_core.package_identification:_identify(media/img) by extension 'ros'
[0.395s] Level 1:colcon.colcon_core.package_identification:_identify(media/img) by extensions ['cmake', 'gradle', 'python']
[0.395s] Level 1:colcon.colcon_core.package_identification:_identify(media/img) by extension 'cmake'
[0.395s] Level 1:colcon.colcon_core.package_identification:_identify(media/img) by extension 'gradle'
[0.395s] Level 1:colcon.colcon_core.package_identification:_identify(media/img) by extension 'python'
[0.395s] Level 1:colcon.colcon_core.package_identification:_identify(media/img) by extensions ['python_setup_py']
[0.395s] Level 1:colcon.colcon_core.package_identification:_identify(media/img) by extension 'python_setup_py'
[0.395s] Level 1:colcon.colcon_core.package_identification:_identify(src) by extensions ['ignore', 'ignore_ament_install']
[0.395s] Level 1:colcon.colcon_core.package_identification:_identify(src) by extension 'ignore'
[0.395s] Level 1:colcon.colcon_core.package_identification:_identify(src) by extension 'ignore_ament_install'
[0.396s] Level 1:colcon.colcon_core.package_identification:_identify(src) by extensions ['colcon_pkg']
[0.396s] Level 1:colcon.colcon_core.package_identification:_identify(src) by extension 'colcon_pkg'
[0.396s] Level 1:colcon.colcon_core.package_identification:_identify(src) by extensions ['colcon_meta']
[0.396s] Level 1:colcon.colcon_core.package_identification:_identify(src) by extension 'colcon_meta'
[0.396s] Level 1:colcon.colcon_core.package_identification:_identify(src) by extensions ['ament_gradle']
[0.396s] Level 1:colcon.colcon_core.package_identification:_identify(src) by extension 'ament_gradle'
[0.396s] Level 1:colcon.colcon_core.package_identification:_identify(src) by extensions ['ros']
[0.396s] Level 1:colcon.colcon_core.package_identification:_identify(src) by extension 'ros'
[0.396s] Level 1:colcon.colcon_core.package_identification:_identify(src) by extensions ['cmake', 'gradle', 'python']
[0.396s] Level 1:colcon.colcon_core.package_identification:_identify(src) by extension 'cmake'
[0.396s] Level 1:colcon.colcon_core.package_identification:_identify(src) by extension 'gradle'
[0.396s] Level 1:colcon.colcon_core.package_identification:_identify(src) by extension 'python'
[0.396s] Level 1:colcon.colcon_core.package_identification:_identify(src) by extensions ['python_setup_py']
[0.396s] Level 1:colcon.colcon_core.package_identification:_identify(src) by extension 'python_setup_py'
[0.396s] Level 1:colcon.colcon_core.package_identification:_identify(src/emotiv_insight) by extensions ['ignore', 'ignore_ament_install']
[0.396s] Level 1:colcon.colcon_core.package_identification:_identify(src/emotiv_insight) by extension 'ignore'
[0.396s] Level 1:colcon.colcon_core.package_identification:_identify(src/emotiv_insight) by extension 'ignore_ament_install'
[0.396s] Level 1:colcon.colcon_core.package_identification:_identify(src/emotiv_insight) by extensions ['colcon_pkg']
[0.396s] Level 1:colcon.colcon_core.package_identification:_identify(src/emotiv_insight) by extension 'colcon_pkg'
[0.396s] Level 1:colcon.colcon_core.package_identification:_identify(src/emotiv_insight) by extensions ['colcon_meta']
[0.396s] Level 1:colcon.colcon_core.package_identification:_identify(src/emotiv_insight) by extension 'colcon_meta'
[0.396s] Level 1:colcon.colcon_core.package_identification:_identify(src/emotiv_insight) by extensions ['ament_gradle']
[0.396s] Level 1:colcon.colcon_core.package_identification:_identify(src/emotiv_insight) by extension 'ament_gradle'
[0.396s] Level 1:colcon.colcon_core.package_identification:_identify(src/emotiv_insight) by extensions ['ros']
[0.396s] Level 1:colcon.colcon_core.package_identification:_identify(src/emotiv_insight) by extension 'ros'
[0.399s] DEBUG:colcon.colcon_core.package_identification:Package 'src/emotiv_insight' with type 'ros.ament_python' and name 'emotiv_insight'
[0.399s] Level 1:colcon.colcon_core.package_identification:_identify(src/empatica_e4) by extensions ['ignore', 'ignore_ament_install']
[0.399s] Level 1:colcon.colcon_core.package_identification:_identify(src/empatica_e4) by extension 'ignore'
[0.399s] Level 1:colcon.colcon_core.package_identification:_identify(src/empatica_e4) by extension 'ignore_ament_install'
[0.399s] Level 1:colcon.colcon_core.package_identification:_identify(src/empatica_e4) by extensions ['colcon_pkg']
[0.399s] Level 1:colcon.colcon_core.package_identification:_identify(src/empatica_e4) by extension 'colcon_pkg'
[0.399s] Level 1:colcon.colcon_core.package_identification:_identify(src/empatica_e4) by extensions ['colcon_meta']
[0.399s] Level 1:colcon.colcon_core.package_identification:_identify(src/empatica_e4) by extension 'colcon_meta'
[0.399s] Level 1:colcon.colcon_core.package_identification:_identify(src/empatica_e4) by extensions ['ament_gradle']
[0.399s] Level 1:colcon.colcon_core.package_identification:_identify(src/empatica_e4) by extension 'ament_gradle'
[0.399s] Level 1:colcon.colcon_core.package_identification:_identify(src/empatica_e4) by extensions ['ros']
[0.399s] Level 1:colcon.colcon_core.package_identification:_identify(src/empatica_e4) by extension 'ros'
[0.400s] DEBUG:colcon.colcon_core.package_identification:Package 'src/empatica_e4' with type 'ros.ament_python' and name 'empatica_e4'
[0.400s] Level 1:colcon.colcon_core.package_identification:_identify(src/polar_h10) by extensions ['ignore', 'ignore_ament_install']
[0.400s] Level 1:colcon.colcon_core.package_identification:_identify(src/polar_h10) by extension 'ignore'
[0.400s] Level 1:colcon.colcon_core.package_identification:_identify(src/polar_h10) by extension 'ignore_ament_install'
[0.400s] Level 1:colcon.colcon_core.package_identification:_identify(src/polar_h10) by extensions ['colcon_pkg']
[0.400s] Level 1:colcon.colcon_core.package_identification:_identify(src/polar_h10) by extension 'colcon_pkg'
[0.400s] Level 1:colcon.colcon_core.package_identification:_identify(src/polar_h10) by extensions ['colcon_meta']
[0.400s] Level 1:colcon.colcon_core.package_identification:_identify(src/polar_h10) by extension 'colcon_meta'
[0.400s] Level 1:colcon.colcon_core.package_identification:_identify(src/polar_h10) by extensions ['ament_gradle']
[0.400s] Level 1:colcon.colcon_core.package_identification:_identify(src/polar_h10) by extension 'ament_gradle'
[0.400s] Level 1:colcon.colcon_core.package_identification:_identify(src/polar_h10) by extensions ['ros']
[0.400s] Level 1:colcon.colcon_core.package_identification:_identify(src/polar_h10) by extension 'ros'
[0.401s] DEBUG:colcon.colcon_core.package_identification:Package 'src/polar_h10' with type 'ros.ament_python' and name 'polar_h10'
[0.401s] Level 1:colcon.colcon_core.package_identification:_identify(src/shimmer3_gsr_unit) by extensions ['ignore', 'ignore_ament_install']
[0.401s] Level 1:colcon.colcon_core.package_identification:_identify(src/shimmer3_gsr_unit) by extension 'ignore'
[0.401s] Level 1:colcon.colcon_core.package_identification:_identify(src/shimmer3_gsr_unit) by extension 'ignore_ament_install'
[0.401s] Level 1:colcon.colcon_core.package_identification:_identify(src/shimmer3_gsr_unit) by extensions ['colcon_pkg']
[0.401s] Level 1:colcon.colcon_core.package_identification:_identify(src/shimmer3_gsr_unit) by extension 'colcon_pkg'
[0.401s] Level 1:colcon.colcon_core.package_identification:_identify(src/shimmer3_gsr_unit) by extensions ['colcon_meta']
[0.401s] Level 1:colcon.colcon_core.package_identification:_identify(src/shimmer3_gsr_unit) by extension 'colcon_meta'
[0.401s] Level 1:colcon.colcon_core.package_identification:_identify(src/shimmer3_gsr_unit) by extensions ['ament_gradle']
[0.401s] Level 1:colcon.colcon_core.package_identification:_identify(src/shimmer3_gsr_unit) by extension 'ament_gradle'
[0.401s] Level 1:colcon.colcon_core.package_identification:_identify(src/shimmer3_gsr_unit) by extensions ['ros']
[0.401s] Level 1:colcon.colcon_core.package_identification:_identify(src/shimmer3_gsr_unit) by extension 'ros'
[0.402s] DEBUG:colcon.colcon_core.package_identification:Package 'src/shimmer3_gsr_unit' with type 'ros.ament_python' and name 'shimmer3_gsr_unit'
[0.402s] Level 1:colcon.colcon_core.package_identification:_identify(src/vernier_respiration_belt) by extensions ['ignore', 'ignore_ament_install']
[0.402s] Level 1:colcon.colcon_core.package_identification:_identify(src/vernier_respiration_belt) by extension 'ignore'
[0.402s] Level 1:colcon.colcon_core.package_identification:_identify(src/vernier_respiration_belt) by extension 'ignore_ament_install'
[0.402s] Level 1:colcon.colcon_core.package_identification:_identify(src/vernier_respiration_belt) by extensions ['colcon_pkg']
[0.402s] Level 1:colcon.colcon_core.package_identification:_identify(src/vernier_respiration_belt) by extension 'colcon_pkg'
[0.402s] Level 1:colcon.colcon_core.package_identification:_identify(src/vernier_respiration_belt) by extensions ['colcon_meta']
[0.402s] Level 1:colcon.colcon_core.package_identification:_identify(src/vernier_respiration_belt) by extension 'colcon_meta'
[0.402s] Level 1:colcon.colcon_core.package_identification:_identify(src/vernier_respiration_belt) by extensions ['ament_gradle']
[0.402s] Level 1:colcon.colcon_core.package_identification:_identify(src/vernier_respiration_belt) by extension 'ament_gradle'
[0.402s] Level 1:colcon.colcon_core.package_identification:_identify(src/vernier_respiration_belt) by extensions ['ros']
[0.402s] Level 1:colcon.colcon_core.package_identification:_identify(src/vernier_respiration_belt) by extension 'ros'
[0.403s] DEBUG:colcon.colcon_core.package_identification:Package 'src/vernier_respiration_belt' with type 'ros.ament_python' and name 'vernier_respiration_belt'
[0.403s] Level 1:colcon.colcon_core.package_identification:_identify(src/zephyr-bioharness) by extensions ['ignore', 'ignore_ament_install']
[0.403s] Level 1:colcon.colcon_core.package_identification:_identify(src/zephyr-bioharness) by extension 'ignore'
[0.403s] Level 1:colcon.colcon_core.package_identification:_identify(src/zephyr-bioharness) by extension 'ignore_ament_install'
[0.403s] Level 1:colcon.colcon_core.package_identification:_identify(src/zephyr-bioharness) by extensions ['colcon_pkg']
[0.403s] Level 1:colcon.colcon_core.package_identification:_identify(src/zephyr-bioharness) by extension 'colcon_pkg'
[0.403s] Level 1:colcon.colcon_core.package_identification:_identify(src/zephyr-bioharness) by extensions ['colcon_meta']
[0.403s] Level 1:colcon.colcon_core.package_identification:_identify(src/zephyr-bioharness) by extension 'colcon_meta'
[0.403s] Level 1:colcon.colcon_core.package_identification:_identify(src/zephyr-bioharness) by extensions ['ament_gradle']
[0.403s] Level 1:colcon.colcon_core.package_identification:_identify(src/zephyr-bioharness) by extension 'ament_gradle'
[0.403s] Level 1:colcon.colcon_core.package_identification:_identify(src/zephyr-bioharness) by extensions ['ros']
[0.403s] Level 1:colcon.colcon_core.package_identification:_identify(src/zephyr-bioharness) by extension 'ros'
[0.403s] DEBUG:colcon.colcon_core.package_identification:Package 'src/zephyr-bioharness' with type 'ros.ament_python' and name 'zephyr-bioharness'
[0.404s] Level 1:colcon.colcon_core.package_discovery:discover_packages(recursive) using defaults
[0.404s] Level 1:colcon.colcon_core.package_discovery:discover_packages(ignore) discover
[0.404s] Level 1:colcon.colcon_core.package_discovery:discover_packages(ignore) using defaults
[0.404s] Level 1:colcon.colcon_core.package_discovery:discover_packages(path) discover
[0.404s] Level 1:colcon.colcon_core.package_discovery:discover_packages(path) using defaults
[0.422s] Level 5:colcon.colcon_core.verb:set package 'emotiv_insight' build argument 'ament_gradle_args' from command line to 'None'
[0.422s] Level 5:colcon.colcon_core.verb:set package 'emotiv_insight' build argument 'ament_gradle_task' from command line to 'None'
[0.422s] Level 5:colcon.colcon_core.verb:set package 'emotiv_insight' build argument 'cmake_args' from command line to 'None'
[0.422s] Level 5:colcon.colcon_core.verb:set package 'emotiv_insight' build argument 'cmake_target' from command line to 'None'
[0.422s] Level 5:colcon.colcon_core.verb:set package 'emotiv_insight' build argument 'cmake_target_skip_unavailable' from command line to 'False'
[0.423s] Level 5:colcon.colcon_core.verb:set package 'emotiv_insight' build argument 'cmake_clean_cache' from command line to 'False'
[0.423s] Level 5:colcon.colcon_core.verb:set package 'emotiv_insight' build argument 'cmake_clean_first' from command line to 'False'
[0.423s] Level 5:colcon.colcon_core.verb:set package 'emotiv_insight' build argument 'cmake_force_configure' from command line to 'False'
[0.423s] Level 5:colcon.colcon_core.verb:set package 'emotiv_insight' build argument 'gradle_args' from command line to 'None'
[0.423s] Level 5:colcon.colcon_core.verb:set package 'emotiv_insight' build argument 'gradle_task' from command line to 'None'
[0.423s] Level 5:colcon.colcon_core.verb:set package 'emotiv_insight' build argument 'ament_cmake_args' from command line to 'None'
[0.423s] Level 5:colcon.colcon_core.verb:set package 'emotiv_insight' build argument 'catkin_cmake_args' from command line to 'None'
[0.423s] Level 5:colcon.colcon_core.verb:set package 'emotiv_insight' build argument 'catkin_skip_building_tests' from command line to 'False'
[0.423s] DEBUG:colcon.colcon_core.verb:Building package 'emotiv_insight' with the following arguments: {'ament_cmake_args': None, 'ament_gradle_args': None, 'ament_gradle_task': None, 'build_base': '/home/heav101-pc1/ros2-wearable-biosensors-ws/build/emotiv_insight', 'catkin_cmake_args': None, 'catkin_skip_building_tests': False, 'cmake_args': None, 'cmake_clean_cache': False, 'cmake_clean_first': False, 'cmake_force_configure': False, 'cmake_target': None, 'cmake_target_skip_unavailable': False, 'gradle_args': None, 'gradle_task': None, 'install_base': '/home/heav101-pc1/ros2-wearable-biosensors-ws/install/emotiv_insight', 'merge_install': False, 'path': '/home/heav101-pc1/ros2-wearable-biosensors-ws/src/emotiv_insight', 'symlink_install': False, 'test_result_base': None}
[0.425s] Level 5:colcon.colcon_core.verb:set package 'empatica_e4' build argument 'ament_gradle_args' from command line to 'None'
[0.425s] Level 5:colcon.colcon_core.verb:set package 'empatica_e4' build argument 'ament_gradle_task' from command line to 'None'
[0.426s] Level 5:colcon.colcon_core.verb:set package 'empatica_e4' build argument 'cmake_args' from command line to 'None'
[0.426s] Level 5:colcon.colcon_core.verb:set package 'empatica_e4' build argument 'cmake_target' from command line to 'None'
[0.426s] Level 5:colcon.colcon_core.verb:set package 'empatica_e4' build argument 'cmake_target_skip_unavailable' from command line to 'False'
[0.426s] Level 5:colcon.colcon_core.verb:set package 'empatica_e4' build argument 'cmake_clean_cache' from command line to 'False'
[0.426s] Level 5:colcon.colcon_core.verb:set package 'empatica_e4' build argument 'cmake_clean_first' from command line to 'False'
[0.426s] Level 5:colcon.colcon_core.verb:set package 'empatica_e4' build argument 'cmake_force_configure' from command line to 'False'
[0.426s] Level 5:colcon.colcon_core.verb:set package 'empatica_e4' build argument 'gradle_args' from command line to 'None'
[0.426s] Level 5:colcon.colcon_core.verb:set package 'empatica_e4' build argument 'gradle_task' from command line to 'None'
[0.426s] Level 5:colcon.colcon_core.verb:set package 'empatica_e4' build argument 'ament_cmake_args' from command line to 'None'
[0.426s] Level 5:colcon.colcon_core.verb:set package 'empatica_e4' build argument 'catkin_cmake_args' from command line to 'None'
[0.426s] Level 5:colcon.colcon_core.verb:set package 'empatica_e4' build argument 'catkin_skip_building_tests' from command line to 'False'
[0.426s] DEBUG:colcon.colcon_core.verb:Building package 'empatica_e4' with the following arguments: {'ament_cmake_args': None, 'ament_gradle_args': None, 'ament_gradle_task': None, 'build_base': '/home/heav101-pc1/ros2-wearable-biosensors-ws/build/empatica_e4', 'catkin_cmake_args': None, 'catkin_skip_building_tests': False, 'cmake_args': None, 'cmake_clean_cache': False, 'cmake_clean_first': False, 'cmake_force_configure': False, 'cmake_target': None, 'cmake_target_skip_unavailable': False, 'gradle_args': None, 'gradle_task': None, 'install_base': '/home/heav101-pc1/ros2-wearable-biosensors-ws/install/empatica_e4', 'merge_install': False, 'path': '/home/heav101-pc1/ros2-wearable-biosensors-ws/src/empatica_e4', 'symlink_install': False, 'test_result_base': None}
[0.428s] Level 5:colcon.colcon_core.verb:set package 'polar_h10' build argument 'ament_gradle_args' from command line to 'None'
[0.428s] Level 5:colcon.colcon_core.verb:set package 'polar_h10' build argument 'ament_gradle_task' from command line to 'None'
[0.428s] Level 5:colcon.colcon_core.verb:set package 'polar_h10' build argument 'cmake_args' from command line to 'None'
[0.429s] Level 5:colcon.colcon_core.verb:set package 'polar_h10' build argument 'cmake_target' from command line to 'None'
[0.429s] Level 5:colcon.colcon_core.verb:set package 'polar_h10' build argument 'cmake_target_skip_unavailable' from command line to 'False'
[0.429s] Level 5:colcon.colcon_core.verb:set package 'polar_h10' build argument 'cmake_clean_cache' from command line to 'False'
[0.429s] Level 5:colcon.colcon_core.verb:set package 'polar_h10' build argument 'cmake_clean_first' from command line to 'False'
[0.429s] Level 5:colcon.colcon_core.verb:set package 'polar_h10' build argument 'cmake_force_configure' from command line to 'False'
[0.429s] Level 5:colcon.colcon_core.verb:set package 'polar_h10' build argument 'gradle_args' from command line to 'None'
[0.429s] Level 5:colcon.colcon_core.verb:set package 'polar_h10' build argument 'gradle_task' from command line to 'None'
[0.429s] Level 5:colcon.colcon_core.verb:set package 'polar_h10' build argument 'ament_cmake_args' from command line to 'None'
[0.429s] Level 5:colcon.colcon_core.verb:set package 'polar_h10' build argument 'catkin_cmake_args' from command line to 'None'
[0.429s] Level 5:colcon.colcon_core.verb:set package 'polar_h10' build argument 'catkin_skip_building_tests' from command line to 'False'
[0.429s] DEBUG:colcon.colcon_core.verb:Building package 'polar_h10' with the following arguments: {'ament_cmake_args': None, 'ament_gradle_args': None, 'ament_gradle_task': None, 'build_base': '/home/heav101-pc1/ros2-wearable-biosensors-ws/build/polar_h10', 'catkin_cmake_args': None, 'catkin_skip_building_tests': False, 'cmake_args': None, 'cmake_clean_cache': False, 'cmake_clean_first': False, 'cmake_force_configure': False, 'cmake_target': None, 'cmake_target_skip_unavailable': False, 'gradle_args': None, 'gradle_task': None, 'install_base': '/home/heav101-pc1/ros2-wearable-biosensors-ws/install/polar_h10', 'merge_install': False, 'path': '/home/heav101-pc1/ros2-wearable-biosensors-ws/src/polar_h10', 'symlink_install': False, 'test_result_base': None}
[0.431s] Level 5:colcon.colcon_core.verb:set package 'shimmer3_gsr_unit' build argument 'ament_gradle_args' from command line to 'None'
[0.431s] Level 5:colcon.colcon_core.verb:set package 'shimmer3_gsr_unit' build argument 'ament_gradle_task' from command line to 'None'
[0.431s] Level 5:colcon.colcon_core.verb:set package 'shimmer3_gsr_unit' build argument 'cmake_args' from command line to 'None'
[0.431s] Level 5:colcon.colcon_core.verb:set package 'shimmer3_gsr_unit' build argument 'cmake_target' from command line to 'None'
[0.431s] Level 5:colcon.colcon_core.verb:set package 'shimmer3_gsr_unit' build argument 'cmake_target_skip_unavailable' from command line to 'False'
[0.431s] Level 5:colcon.colcon_core.verb:set package 'shimmer3_gsr_unit' build argument 'cmake_clean_cache' from command line to 'False'
[0.432s] Level 5:colcon.colcon_core.verb:set package 'shimmer3_gsr_unit' build argument 'cmake_clean_first' from command line to 'False'
[0.432s] Level 5:colcon.colcon_core.verb:set package 'shimmer3_gsr_unit' build argument 'cmake_force_configure' from command line to 'False'
[0.432s] Level 5:colcon.colcon_core.verb:set package 'shimmer3_gsr_unit' build argument 'gradle_args' from command line to 'None'
[0.432s] Level 5:colcon.colcon_core.verb:set package 'shimmer3_gsr_unit' build argument 'gradle_task' from command line to 'None'
[0.432s] Level 5:colcon.colcon_core.verb:set package 'shimmer3_gsr_unit' build argument 'ament_cmake_args' from command line to 'None'
[0.432s] Level 5:colcon.colcon_core.verb:set package 'shimmer3_gsr_unit' build argument 'catkin_cmake_args' from command line to 'None'
[0.432s] Level 5:colcon.colcon_core.verb:set package 'shimmer3_gsr_unit' build argument 'catkin_skip_building_tests' from command line to 'False'
[0.432s] DEBUG:colcon.colcon_core.verb:Building package 'shimmer3_gsr_unit' with the following arguments: {'ament_cmake_args': None, 'ament_gradle_args': None, 'ament_gradle_task': None, 'build_base': '/home/heav101-pc1/ros2-wearable-biosensors-ws/build/shimmer3_gsr_unit', 'catkin_cmake_args': None, 'catkin_skip_building_tests': False, 'cmake_args': None, 'cmake_clean_cache': False, 'cmake_clean_first': False, 'cmake_force_configure': False, 'cmake_target': None, 'cmake_target_skip_unavailable': False, 'gradle_args': None, 'gradle_task': None, 'install_base': '/home/heav101-pc1/ros2-wearable-biosensors-ws/install/shimmer3_gsr_unit', 'merge_install': False, 'path': '/home/heav101-pc1/ros2-wearable-biosensors-ws/src/shimmer3_gsr_unit', 'symlink_install': False, 'test_result_base': None}
[0.434s] Level 5:colcon.colcon_core.verb:set package 'vernier_respiration_belt' build argument 'ament_gradle_args' from command line to 'None'
[0.435s] Level 5:colcon.colcon_core.verb:set package 'vernier_respiration_belt' build argument 'ament_gradle_task' from command line to 'None'
[0.435s] Level 5:colcon.colcon_core.verb:set package 'vernier_respiration_belt' build argument 'cmake_args' from command line to 'None'
[0.435s] Level 5:colcon.colcon_core.verb:set package 'vernier_respiration_belt' build argument 'cmake_target' from command line to 'None'
[0.435s] Level 5:colcon.colcon_core.verb:set package 'vernier_respiration_belt' build argument 'cmake_target_skip_unavailable' from command line to 'False'
[0.435s] Level 5:colcon.colcon_core.verb:set package 'vernier_respiration_belt' build argument 'cmake_clean_cache' from command line to 'False'
[0.435s] Level 5:colcon.colcon_core.verb:set package 'vernier_respiration_belt' build argument 'cmake_clean_first' from command line to 'False'
[0.435s] Level 5:colcon.colcon_core.verb:set package 'vernier_respiration_belt' build argument 'cmake_force_configure' from command line to 'False'
[0.435s] Level 5:colcon.colcon_core.verb:set package 'vernier_respiration_belt' build argument 'gradle_args' from command line to 'None'
[0.435s] Level 5:colcon.colcon_core.verb:set package 'vernier_respiration_belt' build argument 'gradle_task' from command line to 'None'
[0.435s] Level 5:colcon.colcon_core.verb:set package 'vernier_respiration_belt' build argument 'ament_cmake_args' from command line to 'None'
[0.435s] Level 5:colcon.colcon_core.verb:set package 'vernier_respiration_belt' build argument 'catkin_cmake_args' from command line to 'None'
[0.435s] Level 5:colcon.colcon_core.verb:set package 'vernier_respiration_belt' build argument 'catkin_skip_building_tests' from command line to 'False'
[0.435s] DEBUG:colcon.colcon_core.verb:Building package 'vernier_respiration_belt' with the following arguments: {'ament_cmake_args': None, 'ament_gradle_args': None, 'ament_gradle_task': None, 'build_base': '/home/heav101-pc1/ros2-wearable-biosensors-ws/build/vernier_respiration_belt', 'catkin_cmake_args': None, 'catkin_skip_building_tests': False, 'cmake_args': None, 'cmake_clean_cache': False, 'cmake_clean_first': False, 'cmake_force_configure': False, 'cmake_target': None, 'cmake_target_skip_unavailable': False, 'gradle_args': None, 'gradle_task': None, 'install_base': '/home/heav101-pc1/ros2-wearable-biosensors-ws/install/vernier_respiration_belt', 'merge_install': False, 'path': '/home/heav101-pc1/ros2-wearable-biosensors-ws/src/vernier_respiration_belt', 'symlink_install': False, 'test_result_base': None}
[0.437s] Level 5:colcon.colcon_core.verb:set package 'zephyr-bioharness' build argument 'ament_gradle_args' from command line to 'None'
[0.437s] Level 5:colcon.colcon_core.verb:set package 'zephyr-bioharness' build argument 'ament_gradle_task' from command line to 'None'
[0.437s] Level 5:colcon.colcon_core.verb:set package 'zephyr-bioharness' build argument 'cmake_args' from command line to 'None'
[0.437s] Level 5:colcon.colcon_core.verb:set package 'zephyr-bioharness' build argument 'cmake_target' from command line to 'None'
[0.437s] Level 5:colcon.colcon_core.verb:set package 'zephyr-bioharness' build argument 'cmake_target_skip_unavailable' from command line to 'False'
[0.438s] Level 5:colcon.colcon_core.verb:set package 'zephyr-bioharness' build argument 'cmake_clean_cache' from command line to 'False'
[0.438s] Level 5:colcon.colcon_core.verb:set package 'zephyr-bioharness' build argument 'cmake_clean_first' from command line to 'False'
[0.438s] Level 5:colcon.colcon_core.verb:set package 'zephyr-bioharness' build argument 'cmake_force_configure' from command line to 'False'
[0.438s] Level 5:colcon.colcon_core.verb:set package 'zephyr-bioharness' build argument 'gradle_args' from command line to 'None'
[0.438s] Level 5:colcon.colcon_core.verb:set package 'zephyr-bioharness' build argument 'gradle_task' from command line to 'None'
[0.438s] Level 5:colcon.colcon_core.verb:set package 'zephyr-bioharness' build argument 'ament_cmake_args' from command line to 'None'
[0.438s] Level 5:colcon.colcon_core.verb:set package 'zephyr-bioharness' build argument 'catkin_cmake_args' from command line to 'None'
[0.438s] Level 5:colcon.colcon_core.verb:set package 'zephyr-bioharness' build argument 'catkin_skip_building_tests' from command line to 'False'
[0.438s] DEBUG:colcon.colcon_core.verb:Building package 'zephyr-bioharness' with the following arguments: {'ament_cmake_args': None, 'ament_gradle_args': None, 'ament_gradle_task': None, 'build_base': '/home/heav101-pc1/ros2-wearable-biosensors-ws/build/zephyr-bioharness', 'catkin_cmake_args': None, 'catkin_skip_building_tests': False, 'cmake_args': None, 'cmake_clean_cache': False, 'cmake_clean_first': False, 'cmake_force_configure': False, 'cmake_target': None, 'cmake_target_skip_unavailable': False, 'gradle_args': None, 'gradle_task': None, 'install_base': '/home/heav101-pc1/ros2-wearable-biosensors-ws/install/zephyr-bioharness', 'merge_install': False, 'path': '/home/heav101-pc1/ros2-wearable-biosensors-ws/src/zephyr-bioharness', 'symlink_install': False, 'test_result_base': None}
[0.438s] INFO:colcon.colcon_core.executor:Executing jobs using 'parallel' executor
[0.440s] DEBUG:colcon.colcon_parallel_executor.executor.parallel:run_until_complete
[0.440s] INFO:colcon.colcon_ros.task.ament_python.build:Building ROS package in '/home/heav101-pc1/ros2-wearable-biosensors-ws/src/emotiv_insight' with build type 'ament_python'
[0.440s] Level 1:colcon.colcon_core.shell:create_environment_hook('emotiv_insight', 'ament_prefix_path')
[0.443s] INFO:colcon.colcon_core.plugin_system:Skipping extension 'colcon_core.shell.bat': Not used on non-Windows systems
[0.444s] INFO:colcon.colcon_core.shell:Creating environment hook '/home/heav101-pc1/ros2-wearable-biosensors-ws/install/emotiv_insight/share/emotiv_insight/hook/ament_prefix_path.ps1'
[0.444s] INFO:colcon.colcon_core.shell:Creating environment descriptor '/home/heav101-pc1/ros2-wearable-biosensors-ws/install/emotiv_insight/share/emotiv_insight/hook/ament_prefix_path.dsv'
[0.444s] INFO:colcon.colcon_core.shell:Creating environment hook '/home/heav101-pc1/ros2-wearable-biosensors-ws/install/emotiv_insight/share/emotiv_insight/hook/ament_prefix_path.sh'
[0.445s] INFO:colcon.colcon_core.shell:Skip shell extension 'powershell' for command environment: Not usable outside of PowerShell
[0.445s] DEBUG:colcon.colcon_core.shell:Skip shell extension 'dsv' for command environment
[0.447s] DEBUG:colcon.colcon_core.shell:Ignoring prefix path '/opt/ros/foxy'
[0.450s] INFO:colcon.colcon_ros.task.ament_python.build:Building ROS package in '/home/heav101-pc1/ros2-wearable-biosensors-ws/src/empatica_e4' with build type 'ament_python'
[0.450s] Level 1:colcon.colcon_core.shell:create_environment_hook('empatica_e4', 'ament_prefix_path')
[0.451s] INFO:colcon.colcon_core.shell:Creating environment hook '/home/heav101-pc1/ros2-wearable-biosensors-ws/install/empatica_e4/share/empatica_e4/hook/ament_prefix_path.ps1'
[0.452s] INFO:colcon.colcon_core.shell:Creating environment descriptor '/home/heav101-pc1/ros2-wearable-biosensors-ws/install/empatica_e4/share/empatica_e4/hook/ament_prefix_path.dsv'
[0.452s] INFO:colcon.colcon_core.shell:Creating environment hook '/home/heav101-pc1/ros2-wearable-biosensors-ws/install/empatica_e4/share/empatica_e4/hook/ament_prefix_path.sh'
[0.453s] INFO:colcon.colcon_core.shell:Skip shell extension 'powershell' for command environment: Not usable outside of PowerShell
[0.453s] DEBUG:colcon.colcon_core.shell:Skip shell extension 'dsv' for command environment
[0.454s] DEBUG:colcon.colcon_core.shell:Ignoring prefix path '/opt/ros/foxy'
[0.456s] INFO:colcon.colcon_ros.task.ament_python.build:Building ROS package in '/home/heav101-pc1/ros2-wearable-biosensors-ws/src/polar_h10' with build type 'ament_python'
[0.456s] Level 1:colcon.colcon_core.shell:create_environment_hook('polar_h10', 'ament_prefix_path')
[0.457s] INFO:colcon.colcon_core.shell:Creating environment hook '/home/heav101-pc1/ros2-wearable-biosensors-ws/install/polar_h10/share/polar_h10/hook/ament_prefix_path.ps1'
[0.458s] INFO:colcon.colcon_core.shell:Creating environment descriptor '/home/heav101-pc1/ros2-wearable-biosensors-ws/install/polar_h10/share/polar_h10/hook/ament_prefix_path.dsv'
[0.458s] INFO:colcon.colcon_core.shell:Creating environment hook '/home/heav101-pc1/ros2-wearable-biosensors-ws/install/polar_h10/share/polar_h10/hook/ament_prefix_path.sh'
[0.459s] INFO:colcon.colcon_core.shell:Skip shell extension 'powershell' for command environment: Not usable outside of PowerShell
[0.459s] DEBUG:colcon.colcon_core.shell:Skip shell extension 'dsv' for command environment
[0.460s] DEBUG:colcon.colcon_core.shell:Ignoring prefix path '/opt/ros/foxy'
[0.462s] INFO:colcon.colcon_ros.task.ament_python.build:Building ROS package in '/home/heav101-pc1/ros2-wearable-biosensors-ws/src/shimmer3_gsr_unit' with build type 'ament_python'
[0.462s] Level 1:colcon.colcon_core.shell:create_environment_hook('shimmer3_gsr_unit', 'ament_prefix_path')
[0.463s] INFO:colcon.colcon_core.shell:Creating environment hook '/home/heav101-pc1/ros2-wearable-biosensors-ws/install/shimmer3_gsr_unit/share/shimmer3_gsr_unit/hook/ament_prefix_path.ps1'
[0.464s] INFO:colcon.colcon_core.shell:Creating environment descriptor '/home/heav101-pc1/ros2-wearable-biosensors-ws/install/shimmer3_gsr_unit/share/shimmer3_gsr_unit/hook/ament_prefix_path.dsv'
[0.464s] INFO:colcon.colcon_core.shell:Creating environment hook '/home/heav101-pc1/ros2-wearable-biosensors-ws/install/shimmer3_gsr_unit/share/shimmer3_gsr_unit/hook/ament_prefix_path.sh'
[0.465s] INFO:colcon.colcon_core.shell:Skip shell extension 'powershell' for command environment: Not usable outside of PowerShell
[0.465s] DEBUG:colcon.colcon_core.shell:Skip shell extension 'dsv' for command environment
[0.467s] DEBUG:colcon.colcon_core.shell:Ignoring prefix path '/opt/ros/foxy'
[0.469s] INFO:colcon.colcon_ros.task.ament_python.build:Building ROS package in '/home/heav101-pc1/ros2-wearable-biosensors-ws/src/vernier_respiration_belt' with build type 'ament_python'
[0.469s] Level 1:colcon.colcon_core.shell:create_environment_hook('vernier_respiration_belt', 'ament_prefix_path')
[0.470s] INFO:colcon.colcon_core.shell:Creating environment hook '/home/heav101-pc1/ros2-wearable-biosensors-ws/install/vernier_respiration_belt/share/vernier_respiration_belt/hook/ament_prefix_path.ps1'
[0.471s] INFO:colcon.colcon_core.shell:Creating environment descriptor '/home/heav101-pc1/ros2-wearable-biosensors-ws/install/vernier_respiration_belt/share/vernier_respiration_belt/hook/ament_prefix_path.dsv'
[0.471s] INFO:colcon.colcon_core.shell:Creating environment hook '/home/heav101-pc1/ros2-wearable-biosensors-ws/install/vernier_respiration_belt/share/vernier_respiration_belt/hook/ament_prefix_path.sh'
[0.472s] INFO:colcon.colcon_core.shell:Skip shell extension 'powershell' for command environment: Not usable outside of PowerShell
[0.472s] DEBUG:colcon.colcon_core.shell:Skip shell extension 'dsv' for command environment
[0.473s] DEBUG:colcon.colcon_core.shell:Ignoring prefix path '/opt/ros/foxy'
[0.475s] INFO:colcon.colcon_ros.task.ament_python.build:Building ROS package in '/home/heav101-pc1/ros2-wearable-biosensors-ws/src/zephyr-bioharness' with build type 'ament_python'
[0.475s] Level 1:colcon.colcon_core.shell:create_environment_hook('zephyr-bioharness', 'ament_prefix_path')
[0.476s] INFO:colcon.colcon_core.shell:Creating environment hook '/home/heav101-pc1/ros2-wearable-biosensors-ws/install/zephyr-bioharness/share/zephyr-bioharness/hook/ament_prefix_path.ps1'
[0.477s] INFO:colcon.colcon_core.shell:Creating environment descriptor '/home/heav101-pc1/ros2-wearable-biosensors-ws/install/zephyr-bioharness/share/zephyr-bioharness/hook/ament_prefix_path.dsv'
[0.477s] INFO:colcon.colcon_core.shell:Creating environment hook '/home/heav101-pc1/ros2-wearable-biosensors-ws/install/zephyr-bioharness/share/zephyr-bioharness/hook/ament_prefix_path.sh'
[0.478s] INFO:colcon.colcon_core.shell:Skip shell extension 'powershell' for command environment: Not usable outside of PowerShell
[0.478s] DEBUG:colcon.colcon_core.shell:Skip shell extension 'dsv' for command environment
[0.479s] DEBUG:colcon.colcon_core.shell:Ignoring prefix path '/opt/ros/foxy'
[0.732s] INFO:colcon.colcon_core.task.python.build:Building Python package in '/home/heav101-pc1/ros2-wearable-biosensors-ws/src/emotiv_insight'
[0.733s] INFO:colcon.colcon_core.shell:Skip shell extension 'powershell' for command environment: Not usable outside of PowerShell
[0.733s] DEBUG:colcon.colcon_core.shell:Skip shell extension 'dsv' for command environment
[0.734s] DEBUG:colcon.colcon_core.shell:Ignoring prefix path '/opt/ros/foxy'
[0.988s] INFO:colcon.colcon_core.task.python.build:Building Python package in '/home/heav101-pc1/ros2-wearable-biosensors-ws/src/empatica_e4'
[0.989s] INFO:colcon.colcon_core.shell:Skip shell extension 'powershell' for command environment: Not usable outside of PowerShell
[0.989s] DEBUG:colcon.colcon_core.shell:Skip shell extension 'dsv' for command environment
[0.991s] DEBUG:colcon.colcon_core.shell:Ignoring prefix path '/opt/ros/foxy'
[1.237s] INFO:colcon.colcon_core.task.python.build:Building Python package in '/home/heav101-pc1/ros2-wearable-biosensors-ws/src/polar_h10'
[1.238s] INFO:colcon.colcon_core.shell:Skip shell extension 'powershell' for command environment: Not usable outside of PowerShell
[1.238s] DEBUG:colcon.colcon_core.shell:Skip shell extension 'dsv' for command environment
[1.240s] DEBUG:colcon.colcon_core.shell:Ignoring prefix path '/opt/ros/foxy'
[1.495s] INFO:colcon.colcon_core.task.python.build:Building Python package in '/home/heav101-pc1/ros2-wearable-biosensors-ws/src/shimmer3_gsr_unit'
[1.496s] INFO:colcon.colcon_core.shell:Skip shell extension 'powershell' for command environment: Not usable outside of PowerShell
[1.496s] DEBUG:colcon.colcon_core.shell:Skip shell extension 'dsv' for command environment
[1.498s] DEBUG:colcon.colcon_core.shell:Ignoring prefix path '/opt/ros/foxy'
[1.754s] INFO:colcon.colcon_core.task.python.build:Building Python package in '/home/heav101-pc1/ros2-wearable-biosensors-ws/src/vernier_respiration_belt'
[1.755s] INFO:colcon.colcon_core.shell:Skip shell extension 'powershell' for command environment: Not usable outside of PowerShell
[1.755s] DEBUG:colcon.colcon_core.shell:Skip shell extension 'dsv' for command environment
[1.756s] DEBUG:colcon.colcon_core.shell:Ignoring prefix path '/opt/ros/foxy'
[2.094s] DEBUG:colcon.colcon_parallel_executor.executor.parallel:closing loop
[2.094s] DEBUG:colcon.colcon_parallel_executor.executor.parallel:loop closed
[2.095s] DEBUG:colcon.colcon_parallel_executor.executor.parallel:run_until_complete finished with 'Command '['/usr/bin/python3', '-c', "import sys;from setuptools.extern.packaging.specifiers import SpecifierSet;from distutils.core import run_setup;dist = run_setup(    'setup.py', script_args=('--dry-run',), stop_after='config');skip_keys = ('cmdclass', 'distclass', 'ext_modules', 'metadata');data = {    key: value for key, value in dist.__dict__.items()     if (        not key.startswith('_') and         not callable(value) and         key not in skip_keys and         key not in dist.display_option_names    )};data['metadata'] = {    k: v for k, v in dist.metadata.__dict__.items()     if k not in ('license_files', 'provides_extras')};sys.stdout.buffer.write(repr(data).encode('utf-8'))"]' returned non-zero exit status 1.'
[2.095s] DEBUG:colcon.colcon_core.event_reactor:joining thread
[2.107s] INFO:colcon.colcon_core.plugin_system:Skipping extension 'colcon_notification.desktop_notification.terminal_notifier': Not used on non-Darwin systems
[2.107s] INFO:colcon.colcon_core.plugin_system:Skipping extension 'colcon_notification.desktop_notification.win32': Not used on non-Windows systems
[2.107s] INFO:colcon.colcon_notification.desktop_notification:Sending desktop notification using 'notify2'
[2.134s] DEBUG:colcon.colcon_core.event_reactor:joined thread
[2.136s] INFO:colcon.colcon_core.shell:Creating prefix script '/home/heav101-pc1/ros2-wearable-biosensors-ws/install/local_setup.ps1'
[2.137s] INFO:colcon.colcon_core.shell:Creating prefix util module '/home/heav101-pc1/ros2-wearable-biosensors-ws/install/_local_setup_util_ps1.py'
[2.139s] INFO:colcon.colcon_core.shell:Creating prefix chain script '/home/heav101-pc1/ros2-wearable-biosensors-ws/install/setup.ps1'
[2.142s] INFO:colcon.colcon_core.shell:Creating prefix script '/home/heav101-pc1/ros2-wearable-biosensors-ws/install/local_setup.sh'
[2.143s] INFO:colcon.colcon_core.shell:Creating prefix util module '/home/heav101-pc1/ros2-wearable-biosensors-ws/install/_local_setup_util_sh.py'
[2.143s] INFO:colcon.colcon_core.shell:Creating prefix chain script '/home/heav101-pc1/ros2-wearable-biosensors-ws/install/setup.sh'
[2.146s] INFO:colcon.colcon_core.shell:Creating prefix script '/home/heav101-pc1/ros2-wearable-biosensors-ws/install/local_setup.bash'
[2.147s] INFO:colcon.colcon_core.shell:Creating prefix chain script '/home/heav101-pc1/ros2-wearable-biosensors-ws/install/setup.bash'
[2.149s] INFO:colcon.colcon_core.shell:Creating prefix script '/home/heav101-pc1/ros2-wearable-biosensors-ws/install/local_setup.zsh'
[2.150s] INFO:colcon.colcon_core.shell:Creating prefix chain script '/home/heav101-pc1/ros2-wearable-biosensors-ws/install/setup.zsh'
