running egg_info
creating ../../build/polar_h10/polar_h10.egg-info
writing ../../build/polar_h10/polar_h10.egg-info/PKG-INFO
writing dependency_links to ../../build/polar_h10/polar_h10.egg-info/dependency_links.txt
writing entry points to ../../build/polar_h10/polar_h10.egg-info/entry_points.txt
writing requirements to ../../build/polar_h10/polar_h10.egg-info/requires.txt
writing top-level names to ../../build/polar_h10/polar_h10.egg-info/top_level.txt
writing manifest file '../../build/polar_h10/polar_h10.egg-info/SOURCES.txt'
reading manifest file '../../build/polar_h10/polar_h10.egg-info/SOURCES.txt'
writing manifest file '../../build/polar_h10/polar_h10.egg-info/SOURCES.txt'
running build
running build_py
creating /home/heav101-pc1/ros2_foxy/src/ros2-foxy-wearable-biosensors/build/polar_h10/build
creating /home/heav101-pc1/ros2_foxy/src/ros2-foxy-wearable-biosensors/build/polar_h10/build/lib
creating /home/heav101-pc1/ros2_foxy/src/ros2-foxy-wearable-biosensors/build/polar_h10/build/lib/polar_h10
copying polar_h10/__init__.py -> /home/heav101-pc1/ros2_foxy/src/ros2-foxy-wearable-biosensors/build/polar_h10/build/lib/polar_h10
copying polar_h10/polar_h10_node.py -> /home/heav101-pc1/ros2_foxy/src/ros2-foxy-wearable-biosensors/build/polar_h10/build/lib/polar_h10
running install
running install_lib
creating /home/heav101-pc1/ros2_foxy/src/ros2-foxy-wearable-biosensors/install/polar_h10/lib/python3.8/site-packages/polar_h10
copying /home/heav101-pc1/ros2_foxy/src/ros2-foxy-wearable-biosensors/build/polar_h10/build/lib/polar_h10/__init__.py -> /home/heav101-pc1/ros2_foxy/src/ros2-foxy-wearable-biosensors/install/polar_h10/lib/python3.8/site-packages/polar_h10
copying /home/heav101-pc1/ros2_foxy/src/ros2-foxy-wearable-biosensors/build/polar_h10/build/lib/polar_h10/polar_h10_node.py -> /home/heav101-pc1/ros2_foxy/src/ros2-foxy-wearable-biosensors/install/polar_h10/lib/python3.8/site-packages/polar_h10
byte-compiling /home/heav101-pc1/ros2_foxy/src/ros2-foxy-wearable-biosensors/install/polar_h10/lib/python3.8/site-packages/polar_h10/__init__.py to __init__.cpython-38.pyc
byte-compiling /home/heav101-pc1/ros2_foxy/src/ros2-foxy-wearable-biosensors/install/polar_h10/lib/python3.8/site-packages/polar_h10/polar_h10_node.py to polar_h10_node.cpython-38.pyc
running install_data
creating /home/heav101-pc1/ros2_foxy/src/ros2-foxy-wearable-biosensors/install/polar_h10/share/ament_index
creating /home/heav101-pc1/ros2_foxy/src/ros2-foxy-wearable-biosensors/install/polar_h10/share/ament_index/resource_index
creating /home/heav101-pc1/ros2_foxy/src/ros2-foxy-wearable-biosensors/install/polar_h10/share/ament_index/resource_index/packages
copying resource/polar_h10 -> /home/heav101-pc1/ros2_foxy/src/ros2-foxy-wearable-biosensors/install/polar_h10/share/ament_index/resource_index/packages
copying package.xml -> /home/heav101-pc1/ros2_foxy/src/ros2-foxy-wearable-biosensors/install/polar_h10/share/polar_h10
copying launch/ros2-polar_h10.launch.py -> /home/heav101-pc1/ros2_foxy/src/ros2-foxy-wearable-biosensors/install/polar_h10/share/polar_h10
running install_egg_info
Copying ../../build/polar_h10/polar_h10.egg-info to /home/heav101-pc1/ros2_foxy/src/ros2-foxy-wearable-biosensors/install/polar_h10/lib/python3.8/site-packages/polar_h10-0.0.1-py3.8.egg-info
running install_scripts
Installing polar_h10_node script to /home/heav101-pc1/ros2_foxy/src/ros2-foxy-wearable-biosensors/install/polar_h10/lib/polar_h10
writing list of installed files to '/home/heav101-pc1/ros2_foxy/src/ros2-foxy-wearable-biosensors/build/polar_h10/install.log'
