[1.305s] Invoking command in '/home/heav101-pc1/ros2_foxy/src/ros2-foxy-wearable-biosensors/src/vernier_respiration_belt': JAVA_HOME=/usr/lib/jvm/java-1.8.0-openjdk-amd64" PYTHONPATH=/home/heav101-pc1/ros2_foxy/src/ros2-foxy-wearable-biosensors/install/vernier_respiration_belt/lib/python3.8/site-packages:${PYTHONPATH} /usr/bin/python3 setup.py egg_info --egg-base ../../build/vernier_respiration_belt build --build-base /home/heav101-pc1/ros2_foxy/src/ros2-foxy-wearable-biosensors/build/vernier_respiration_belt/build install --prefix /home/heav101-pc1/ros2_foxy/src/ros2-foxy-wearable-biosensors/install/vernier_respiration_belt --record /home/heav101-pc1/ros2_foxy/src/ros2-foxy-wearable-biosensors/build/vernier_respiration_belt/install.log --single-version-externally-managed
[1.585s] running egg_info
[1.585s] creating ../../build/vernier_respiration_belt/vernier_respiration_belt.egg-info
[1.585s] writing ../../build/vernier_respiration_belt/vernier_respiration_belt.egg-info/PKG-INFO
[1.586s] writing dependency_links to ../../build/vernier_respiration_belt/vernier_respiration_belt.egg-info/dependency_links.txt
[1.586s] writing entry points to ../../build/vernier_respiration_belt/vernier_respiration_belt.egg-info/entry_points.txt
[1.586s] writing requirements to ../../build/vernier_respiration_belt/vernier_respiration_belt.egg-info/requires.txt
[1.586s] writing top-level names to ../../build/vernier_respiration_belt/vernier_respiration_belt.egg-info/top_level.txt
[1.588s] writing manifest file '../../build/vernier_respiration_belt/vernier_respiration_belt.egg-info/SOURCES.txt'
[1.640s] reading manifest file '../../build/vernier_respiration_belt/vernier_respiration_belt.egg-info/SOURCES.txt'
[1.642s] writing manifest file '../../build/vernier_respiration_belt/vernier_respiration_belt.egg-info/SOURCES.txt'
[1.642s] running build
[1.642s] running build_py
[1.642s] creating /home/heav101-pc1/ros2_foxy/src/ros2-foxy-wearable-biosensors/build/vernier_respiration_belt/build
[1.643s] creating /home/heav101-pc1/ros2_foxy/src/ros2-foxy-wearable-biosensors/build/vernier_respiration_belt/build/lib
[1.643s] creating /home/heav101-pc1/ros2_foxy/src/ros2-foxy-wearable-biosensors/build/vernier_respiration_belt/build/lib/vernier_respiration_belt
[1.643s] copying vernier_respiration_belt/vernier_respiration_belt_node.py -> /home/heav101-pc1/ros2_foxy/src/ros2-foxy-wearable-biosensors/build/vernier_respiration_belt/build/lib/vernier_respiration_belt
[1.643s] copying vernier_respiration_belt/__init__.py -> /home/heav101-pc1/ros2_foxy/src/ros2-foxy-wearable-biosensors/build/vernier_respiration_belt/build/lib/vernier_respiration_belt
[1.643s] running install
[1.644s] running install_lib
[1.645s] creating /home/heav101-pc1/ros2_foxy/src/ros2-foxy-wearable-biosensors/install/vernier_respiration_belt/lib/python3.8/site-packages/vernier_respiration_belt
[1.645s] copying /home/heav101-pc1/ros2_foxy/src/ros2-foxy-wearable-biosensors/build/vernier_respiration_belt/build/lib/vernier_respiration_belt/vernier_respiration_belt_node.py -> /home/heav101-pc1/ros2_foxy/src/ros2-foxy-wearable-biosensors/install/vernier_respiration_belt/lib/python3.8/site-packages/vernier_respiration_belt
[1.645s] copying /home/heav101-pc1/ros2_foxy/src/ros2-foxy-wearable-biosensors/build/vernier_respiration_belt/build/lib/vernier_respiration_belt/__init__.py -> /home/heav101-pc1/ros2_foxy/src/ros2-foxy-wearable-biosensors/install/vernier_respiration_belt/lib/python3.8/site-packages/vernier_respiration_belt
[1.646s] byte-compiling /home/heav101-pc1/ros2_foxy/src/ros2-foxy-wearable-biosensors/install/vernier_respiration_belt/lib/python3.8/site-packages/vernier_respiration_belt/vernier_respiration_belt_node.py to vernier_respiration_belt_node.cpython-38.pyc
[1.648s] byte-compiling /home/heav101-pc1/ros2_foxy/src/ros2-foxy-wearable-biosensors/install/vernier_respiration_belt/lib/python3.8/site-packages/vernier_respiration_belt/__init__.py to __init__.cpython-38.pyc
[1.648s] running install_data
[1.649s] creating /home/heav101-pc1/ros2_foxy/src/ros2-foxy-wearable-biosensors/install/vernier_respiration_belt/share/ament_index
[1.649s] creating /home/heav101-pc1/ros2_foxy/src/ros2-foxy-wearable-biosensors/install/vernier_respiration_belt/share/ament_index/resource_index
[1.650s] creating /home/heav101-pc1/ros2_foxy/src/ros2-foxy-wearable-biosensors/install/vernier_respiration_belt/share/ament_index/resource_index/packages
[1.650s] copying resource/vernier_respiration_belt -> /home/heav101-pc1/ros2_foxy/src/ros2-foxy-wearable-biosensors/install/vernier_respiration_belt/share/ament_index/resource_index/packages
[1.650s] copying package.xml -> /home/heav101-pc1/ros2_foxy/src/ros2-foxy-wearable-biosensors/install/vernier_respiration_belt/share/vernier_respiration_belt
[1.650s] copying launch/ros2-vernier_respiration_belt.launch.py -> /home/heav101-pc1/ros2_foxy/src/ros2-foxy-wearable-biosensors/install/vernier_respiration_belt/share/vernier_respiration_belt
[1.650s] running install_egg_info
[1.652s] Copying ../../build/vernier_respiration_belt/vernier_respiration_belt.egg-info to /home/heav101-pc1/ros2_foxy/src/ros2-foxy-wearable-biosensors/install/vernier_respiration_belt/lib/python3.8/site-packages/vernier_respiration_belt-0.0.1-py3.8.egg-info
[1.653s] running install_scripts
[1.679s] Installing vernier_respiration_belt_node script to /home/heav101-pc1/ros2_foxy/src/ros2-foxy-wearable-biosensors/install/vernier_respiration_belt/lib/vernier_respiration_belt
[1.679s] writing list of installed files to '/home/heav101-pc1/ros2_foxy/src/ros2-foxy-wearable-biosensors/build/vernier_respiration_belt/install.log'
[1.730s] Invoked command in '/home/heav101-pc1/ros2_foxy/src/ros2-foxy-wearable-biosensors/src/vernier_respiration_belt' returned '0': JAVA_HOME=/usr/lib/jvm/java-1.8.0-openjdk-amd64" PYTHONPATH=/home/heav101-pc1/ros2_foxy/src/ros2-foxy-wearable-biosensors/install/vernier_respiration_belt/lib/python3.8/site-packages:${PYTHONPATH} /usr/bin/python3 setup.py egg_info --egg-base ../../build/vernier_respiration_belt build --build-base /home/heav101-pc1/ros2_foxy/src/ros2-foxy-wearable-biosensors/build/vernier_respiration_belt/build install --prefix /home/heav101-pc1/ros2_foxy/src/ros2-foxy-wearable-biosensors/install/vernier_respiration_belt --record /home/heav101-pc1/ros2_foxy/src/ros2-foxy-wearable-biosensors/build/vernier_respiration_belt/install.log --single-version-externally-managed
