[1.313s] Invoking command in '/home/heav101-pc1/ros2_foxy/src/ros2-foxy-wearable-biosensors/src/emotiv_insight': JAVA_HOME=/usr/lib/jvm/java-1.8.0-openjdk-amd64" PYTHONPATH=/home/heav101-pc1/ros2_foxy/src/ros2-foxy-wearable-biosensors/install/emotiv_insight/lib/python3.8/site-packages:${PYTHONPATH} /usr/bin/python3 setup.py egg_info --egg-base ../../build/emotiv_insight build --build-base /home/heav101-pc1/ros2_foxy/src/ros2-foxy-wearable-biosensors/build/emotiv_insight/build install --prefix /home/heav101-pc1/ros2_foxy/src/ros2-foxy-wearable-biosensors/install/emotiv_insight --record /home/heav101-pc1/ros2_foxy/src/ros2-foxy-wearable-biosensors/build/emotiv_insight/install.log --single-version-externally-managed
[1.724s] running egg_info
[1.725s] creating ../../build/emotiv_insight/emotiv_insight.egg-info
[1.725s] writing ../../build/emotiv_insight/emotiv_insight.egg-info/PKG-INFO
[1.726s] writing dependency_links to ../../build/emotiv_insight/emotiv_insight.egg-info/dependency_links.txt
[1.726s] writing entry points to ../../build/emotiv_insight/emotiv_insight.egg-info/entry_points.txt
[1.726s] writing requirements to ../../build/emotiv_insight/emotiv_insight.egg-info/requires.txt
[1.726s] writing top-level names to ../../build/emotiv_insight/emotiv_insight.egg-info/top_level.txt
[1.729s] writing manifest file '../../build/emotiv_insight/emotiv_insight.egg-info/SOURCES.txt'
[1.789s] reading manifest file '../../build/emotiv_insight/emotiv_insight.egg-info/SOURCES.txt'
[1.790s] writing manifest file '../../build/emotiv_insight/emotiv_insight.egg-info/SOURCES.txt'
[1.790s] running build
[1.790s] running build_py
[1.791s] creating /home/heav101-pc1/ros2_foxy/src/ros2-foxy-wearable-biosensors/build/emotiv_insight/build
[1.791s] creating /home/heav101-pc1/ros2_foxy/src/ros2-foxy-wearable-biosensors/build/emotiv_insight/build/lib
[1.791s] creating /home/heav101-pc1/ros2_foxy/src/ros2-foxy-wearable-biosensors/build/emotiv_insight/build/lib/emotiv_insight
[1.791s] copying emotiv_insight/emotiv_insight_node.py -> /home/heav101-pc1/ros2_foxy/src/ros2-foxy-wearable-biosensors/build/emotiv_insight/build/lib/emotiv_insight
[1.791s] copying emotiv_insight/__init__.py -> /home/heav101-pc1/ros2_foxy/src/ros2-foxy-wearable-biosensors/build/emotiv_insight/build/lib/emotiv_insight
[1.791s] running install
[1.792s] running install_lib
[1.793s] creating /home/heav101-pc1/ros2_foxy/src/ros2-foxy-wearable-biosensors/install/emotiv_insight/lib/python3.8/site-packages/emotiv_insight
[1.794s] copying /home/heav101-pc1/ros2_foxy/src/ros2-foxy-wearable-biosensors/build/emotiv_insight/build/lib/emotiv_insight/emotiv_insight_node.py -> /home/heav101-pc1/ros2_foxy/src/ros2-foxy-wearable-biosensors/install/emotiv_insight/lib/python3.8/site-packages/emotiv_insight
[1.794s] copying /home/heav101-pc1/ros2_foxy/src/ros2-foxy-wearable-biosensors/build/emotiv_insight/build/lib/emotiv_insight/__init__.py -> /home/heav101-pc1/ros2_foxy/src/ros2-foxy-wearable-biosensors/install/emotiv_insight/lib/python3.8/site-packages/emotiv_insight
[1.794s] byte-compiling /home/heav101-pc1/ros2_foxy/src/ros2-foxy-wearable-biosensors/install/emotiv_insight/lib/python3.8/site-packages/emotiv_insight/emotiv_insight_node.py to emotiv_insight_node.cpython-38.pyc
[1.802s] byte-compiling /home/heav101-pc1/ros2_foxy/src/ros2-foxy-wearable-biosensors/install/emotiv_insight/lib/python3.8/site-packages/emotiv_insight/__init__.py to __init__.cpython-38.pyc
[1.802s] running install_data
[1.803s] creating /home/heav101-pc1/ros2_foxy/src/ros2-foxy-wearable-biosensors/install/emotiv_insight/share/ament_index
[1.803s] creating /home/heav101-pc1/ros2_foxy/src/ros2-foxy-wearable-biosensors/install/emotiv_insight/share/ament_index/resource_index
[1.803s] creating /home/heav101-pc1/ros2_foxy/src/ros2-foxy-wearable-biosensors/install/emotiv_insight/share/ament_index/resource_index/packages
[1.803s] copying resource/emotiv_insight -> /home/heav101-pc1/ros2_foxy/src/ros2-foxy-wearable-biosensors/install/emotiv_insight/share/ament_index/resource_index/packages
[1.803s] copying package.xml -> /home/heav101-pc1/ros2_foxy/src/ros2-foxy-wearable-biosensors/install/emotiv_insight/share/emotiv_insight
[1.803s] copying launch/ros2-emotiv_insight.launch.py -> /home/heav101-pc1/ros2_foxy/src/ros2-foxy-wearable-biosensors/install/emotiv_insight/share/emotiv_insight
[1.803s] running install_egg_info
[1.805s] Copying ../../build/emotiv_insight/emotiv_insight.egg-info to /home/heav101-pc1/ros2_foxy/src/ros2-foxy-wearable-biosensors/install/emotiv_insight/lib/python3.8/site-packages/emotiv_insight-0.0.1-py3.8.egg-info
[1.807s] running install_scripts
[1.830s] Installing emotiv_insight_node script to /home/heav101-pc1/ros2_foxy/src/ros2-foxy-wearable-biosensors/install/emotiv_insight/lib/emotiv_insight
[1.831s] writing list of installed files to '/home/heav101-pc1/ros2_foxy/src/ros2-foxy-wearable-biosensors/build/emotiv_insight/install.log'
[1.865s] Invoked command in '/home/heav101-pc1/ros2_foxy/src/ros2-foxy-wearable-biosensors/src/emotiv_insight' returned '0': JAVA_HOME=/usr/lib/jvm/java-1.8.0-openjdk-amd64" PYTHONPATH=/home/heav101-pc1/ros2_foxy/src/ros2-foxy-wearable-biosensors/install/emotiv_insight/lib/python3.8/site-packages:${PYTHONPATH} /usr/bin/python3 setup.py egg_info --egg-base ../../build/emotiv_insight build --build-base /home/heav101-pc1/ros2_foxy/src/ros2-foxy-wearable-biosensors/build/emotiv_insight/build install --prefix /home/heav101-pc1/ros2_foxy/src/ros2-foxy-wearable-biosensors/install/emotiv_insight --record /home/heav101-pc1/ros2_foxy/src/ros2-foxy-wearable-biosensors/build/emotiv_insight/install.log --single-version-externally-managed
