running egg_info
creating ../../build/empatica_e4/empatica_e4.egg-info
writing ../../build/empatica_e4/empatica_e4.egg-info/PKG-INFO
writing dependency_links to ../../build/empatica_e4/empatica_e4.egg-info/dependency_links.txt
writing entry points to ../../build/empatica_e4/empatica_e4.egg-info/entry_points.txt
writing requirements to ../../build/empatica_e4/empatica_e4.egg-info/requires.txt
writing top-level names to ../../build/empatica_e4/empatica_e4.egg-info/top_level.txt
writing manifest file '../../build/empatica_e4/empatica_e4.egg-info/SOURCES.txt'
reading manifest file '../../build/empatica_e4/empatica_e4.egg-info/SOURCES.txt'
writing manifest file '../../build/empatica_e4/empatica_e4.egg-info/SOURCES.txt'
running build
running build_py
creating /home/heav101-pc1/ros2_foxy/src/ros2-foxy-wearable-biosensors/build/empatica_e4/build
creating /home/heav101-pc1/ros2_foxy/src/ros2-foxy-wearable-biosensors/build/empatica_e4/build/lib
creating /home/heav101-pc1/ros2_foxy/src/ros2-foxy-wearable-biosensors/build/empatica_e4/build/lib/empatica_e4
copying empatica_e4/empatica_e4_node.py -> /home/heav101-pc1/ros2_foxy/src/ros2-foxy-wearable-biosensors/build/empatica_e4/build/lib/empatica_e4
copying empatica_e4/__init__.py -> /home/heav101-pc1/ros2_foxy/src/ros2-foxy-wearable-biosensors/build/empatica_e4/build/lib/empatica_e4
running install
running install_lib
creating /home/heav101-pc1/ros2_foxy/src/ros2-foxy-wearable-biosensors/install/empatica_e4/lib/python3.8/site-packages/empatica_e4
copying /home/heav101-pc1/ros2_foxy/src/ros2-foxy-wearable-biosensors/build/empatica_e4/build/lib/empatica_e4/empatica_e4_node.py -> /home/heav101-pc1/ros2_foxy/src/ros2-foxy-wearable-biosensors/install/empatica_e4/lib/python3.8/site-packages/empatica_e4
copying /home/heav101-pc1/ros2_foxy/src/ros2-foxy-wearable-biosensors/build/empatica_e4/build/lib/empatica_e4/__init__.py -> /home/heav101-pc1/ros2_foxy/src/ros2-foxy-wearable-biosensors/install/empatica_e4/lib/python3.8/site-packages/empatica_e4
byte-compiling /home/heav101-pc1/ros2_foxy/src/ros2-foxy-wearable-biosensors/install/empatica_e4/lib/python3.8/site-packages/empatica_e4/empatica_e4_node.py to empatica_e4_node.cpython-38.pyc
byte-compiling /home/heav101-pc1/ros2_foxy/src/ros2-foxy-wearable-biosensors/install/empatica_e4/lib/python3.8/site-packages/empatica_e4/__init__.py to __init__.cpython-38.pyc
running install_data
creating /home/heav101-pc1/ros2_foxy/src/ros2-foxy-wearable-biosensors/install/empatica_e4/share/ament_index
creating /home/heav101-pc1/ros2_foxy/src/ros2-foxy-wearable-biosensors/install/empatica_e4/share/ament_index/resource_index
creating /home/heav101-pc1/ros2_foxy/src/ros2-foxy-wearable-biosensors/install/empatica_e4/share/ament_index/resource_index/packages
copying resource/empatica_e4 -> /home/heav101-pc1/ros2_foxy/src/ros2-foxy-wearable-biosensors/install/empatica_e4/share/ament_index/resource_index/packages
copying package.xml -> /home/heav101-pc1/ros2_foxy/src/ros2-foxy-wearable-biosensors/install/empatica_e4/share/empatica_e4
copying launch/ros2-empatica_E4.launch.py -> /home/heav101-pc1/ros2_foxy/src/ros2-foxy-wearable-biosensors/install/empatica_e4/share/empatica_e4
running install_egg_info
Copying ../../build/empatica_e4/empatica_e4.egg-info to /home/heav101-pc1/ros2_foxy/src/ros2-foxy-wearable-biosensors/install/empatica_e4/lib/python3.8/site-packages/empatica_e4-0.0.1-py3.8.egg-info
running install_scripts
Installing empatica_e4_node script to /home/heav101-pc1/ros2_foxy/src/ros2-foxy-wearable-biosensors/install/empatica_e4/lib/empatica_e4
writing list of installed files to '/home/heav101-pc1/ros2_foxy/src/ros2-foxy-wearable-biosensors/build/empatica_e4/install.log'
