[1.310s] Invoking command in '/home/heav101-pc1/ros2_foxy/src/ros2-foxy-wearable-biosensors/src/empatica_e4': JAVA_HOME=/usr/lib/jvm/java-1.8.0-openjdk-amd64" PYTHONPATH=/home/heav101-pc1/ros2_foxy/src/ros2-foxy-wearable-biosensors/install/empatica_e4/lib/python3.8/site-packages:${PYTHONPATH} /usr/bin/python3 setup.py egg_info --egg-base ../../build/empatica_e4 build --build-base /home/heav101-pc1/ros2_foxy/src/ros2-foxy-wearable-biosensors/build/empatica_e4/build install --prefix /home/heav101-pc1/ros2_foxy/src/ros2-foxy-wearable-biosensors/install/empatica_e4 --record /home/heav101-pc1/ros2_foxy/src/ros2-foxy-wearable-biosensors/build/empatica_e4/install.log --single-version-externally-managed
[1.579s] running egg_info
[1.580s] creating ../../build/empatica_e4/empatica_e4.egg-info
[1.580s] writing ../../build/empatica_e4/empatica_e4.egg-info/PKG-INFO
[1.580s] writing dependency_links to ../../build/empatica_e4/empatica_e4.egg-info/dependency_links.txt
[1.581s] writing entry points to ../../build/empatica_e4/empatica_e4.egg-info/entry_points.txt
[1.581s] writing requirements to ../../build/empatica_e4/empatica_e4.egg-info/requires.txt
[1.581s] writing top-level names to ../../build/empatica_e4/empatica_e4.egg-info/top_level.txt
[1.585s] writing manifest file '../../build/empatica_e4/empatica_e4.egg-info/SOURCES.txt'
[1.630s] reading manifest file '../../build/empatica_e4/empatica_e4.egg-info/SOURCES.txt'
[1.631s] writing manifest file '../../build/empatica_e4/empatica_e4.egg-info/SOURCES.txt'
[1.632s] running build
[1.632s] running build_py
[1.632s] creating /home/heav101-pc1/ros2_foxy/src/ros2-foxy-wearable-biosensors/build/empatica_e4/build
[1.632s] creating /home/heav101-pc1/ros2_foxy/src/ros2-foxy-wearable-biosensors/build/empatica_e4/build/lib
[1.632s] creating /home/heav101-pc1/ros2_foxy/src/ros2-foxy-wearable-biosensors/build/empatica_e4/build/lib/empatica_e4
[1.632s] copying empatica_e4/empatica_e4_node.py -> /home/heav101-pc1/ros2_foxy/src/ros2-foxy-wearable-biosensors/build/empatica_e4/build/lib/empatica_e4
[1.632s] copying empatica_e4/__init__.py -> /home/heav101-pc1/ros2_foxy/src/ros2-foxy-wearable-biosensors/build/empatica_e4/build/lib/empatica_e4
[1.632s] running install
[1.633s] running install_lib
[1.637s] creating /home/heav101-pc1/ros2_foxy/src/ros2-foxy-wearable-biosensors/install/empatica_e4/lib/python3.8/site-packages/empatica_e4
[1.637s] copying /home/heav101-pc1/ros2_foxy/src/ros2-foxy-wearable-biosensors/build/empatica_e4/build/lib/empatica_e4/empatica_e4_node.py -> /home/heav101-pc1/ros2_foxy/src/ros2-foxy-wearable-biosensors/install/empatica_e4/lib/python3.8/site-packages/empatica_e4
[1.637s] copying /home/heav101-pc1/ros2_foxy/src/ros2-foxy-wearable-biosensors/build/empatica_e4/build/lib/empatica_e4/__init__.py -> /home/heav101-pc1/ros2_foxy/src/ros2-foxy-wearable-biosensors/install/empatica_e4/lib/python3.8/site-packages/empatica_e4
[1.637s] byte-compiling /home/heav101-pc1/ros2_foxy/src/ros2-foxy-wearable-biosensors/install/empatica_e4/lib/python3.8/site-packages/empatica_e4/empatica_e4_node.py to empatica_e4_node.cpython-38.pyc
[1.639s] byte-compiling /home/heav101-pc1/ros2_foxy/src/ros2-foxy-wearable-biosensors/install/empatica_e4/lib/python3.8/site-packages/empatica_e4/__init__.py to __init__.cpython-38.pyc
[1.639s] running install_data
[1.641s] creating /home/heav101-pc1/ros2_foxy/src/ros2-foxy-wearable-biosensors/install/empatica_e4/share/ament_index
[1.641s] creating /home/heav101-pc1/ros2_foxy/src/ros2-foxy-wearable-biosensors/install/empatica_e4/share/ament_index/resource_index
[1.641s] creating /home/heav101-pc1/ros2_foxy/src/ros2-foxy-wearable-biosensors/install/empatica_e4/share/ament_index/resource_index/packages
[1.641s] copying resource/empatica_e4 -> /home/heav101-pc1/ros2_foxy/src/ros2-foxy-wearable-biosensors/install/empatica_e4/share/ament_index/resource_index/packages
[1.642s] copying package.xml -> /home/heav101-pc1/ros2_foxy/src/ros2-foxy-wearable-biosensors/install/empatica_e4/share/empatica_e4
[1.642s] copying launch/ros2-empatica_E4.launch.py -> /home/heav101-pc1/ros2_foxy/src/ros2-foxy-wearable-biosensors/install/empatica_e4/share/empatica_e4
[1.642s] running install_egg_info
[1.644s] Copying ../../build/empatica_e4/empatica_e4.egg-info to /home/heav101-pc1/ros2_foxy/src/ros2-foxy-wearable-biosensors/install/empatica_e4/lib/python3.8/site-packages/empatica_e4-0.0.1-py3.8.egg-info
[1.645s] running install_scripts
[1.674s] Installing empatica_e4_node script to /home/heav101-pc1/ros2_foxy/src/ros2-foxy-wearable-biosensors/install/empatica_e4/lib/empatica_e4
[1.674s] writing list of installed files to '/home/heav101-pc1/ros2_foxy/src/ros2-foxy-wearable-biosensors/build/empatica_e4/install.log'
[1.712s] Invoked command in '/home/heav101-pc1/ros2_foxy/src/ros2-foxy-wearable-biosensors/src/empatica_e4' returned '0': JAVA_HOME=/usr/lib/jvm/java-1.8.0-openjdk-amd64" PYTHONPATH=/home/heav101-pc1/ros2_foxy/src/ros2-foxy-wearable-biosensors/install/empatica_e4/lib/python3.8/site-packages:${PYTHONPATH} /usr/bin/python3 setup.py egg_info --egg-base ../../build/empatica_e4 build --build-base /home/heav101-pc1/ros2_foxy/src/ros2-foxy-wearable-biosensors/build/empatica_e4/build install --prefix /home/heav101-pc1/ros2_foxy/src/ros2-foxy-wearable-biosensors/install/empatica_e4 --record /home/heav101-pc1/ros2_foxy/src/ros2-foxy-wearable-biosensors/build/empatica_e4/install.log --single-version-externally-managed
